<?xml version="1.0" encoding="UTF-8"?>
<!-- Generated by org.testng.reporters.JUnitReportReporter -->
<testsuite hostname="LAPTOP-8RNIT5HD" failures="0" tests="1" name="stepDefinitions.LoginTC" time="1.213" errors="0" timestamp="2023-11-22T15:36:49 IST" skipped="0">
  <testcase classname="stepDefinitions.LoginTC" name="loginTestCase" time="1.213"/>
  <system-out>
Text Entered Text Entered Clicked  </system-out>
</testsuite> <!-- stepDefinitions.LoginTC -->
