<?xml version="1.0" encoding="UTF-8"?>
<!-- Generated by org.testng.reporters.JUnitReportReporter -->
<testsuite hostname="LAPTOP-8RNIT5HD" failures="0" tests="7" name="stepDefinitions.SwagLabTC" time="5.926" errors="0" timestamp="2023-11-24T11:05:23 IST" skipped="0">
  <testcase classname="stepDefinitions.SwagLabTC" name="loginTestCase" time="2.835"/>
  <system-out>
Text Entered Text Entered Clicked  </system-out>
  <testcase classname="stepDefinitions.SwagLabTC" name="sortProducts" time="0.579"/>
  <system-out/>
  <testcase classname="stepDefinitions.SwagLabTC" name="addToCartTestCase" time="0.479"/>
  <system-out>
Clicked Clicked  </system-out>
  <testcase classname="stepDefinitions.SwagLabTC" name="clickOnCheckoutButtonTestCase" time="0.210"/>
  <system-out>
Clicked  </system-out>
  <testcase classname="stepDefinitions.SwagLabTC" name="enterUserDetailsAndClickOnContinueTestCase" time="1.083"/>
  <system-out>
Text Entered Text Entered Text Entered Clicked  </system-out>
  <testcase classname="stepDefinitions.SwagLabTC" name="clickOnFinishButtonTestCase" time="0.165"/>
  <system-out>
Clicked  </system-out>
  <testcase classname="stepDefinitions.SwagLabTC" name="backToHomePageAndLogoutTestCase" time="0.575"/>
  <system-out>
Clicked Clicked Clicked  </system-out>
</testsuite> <!-- stepDefinitions.SwagLabTC -->
