<?xml version="1.0" encoding="UTF-8"?>
<!-- Generated by org.testng.reporters.JUnitReportReporter -->
<testsuite hostname="LAPTOP-8RNIT5HD" failures="0" tests="1" name="runFailedScenario.TestRunner" time="98.513" errors="0" timestamp="2023-11-29T12:38:40 IST" skipped="0">
  <testcase classname="runFailedScenario.TestRunner" name="runScenario" time="98.513"/>
  <system-out>
Launched Browser Text Entered Text Entered Clicked Clicked Clicked Clicked Text Entered Text Entered Clicked Clicked Clicked Browser Closed Launched Browser Text Entered Text Entered Clicked Clicked Clicked Clicked Clicked Clicked Clicked Clicked Browser Closed  </system-out>
</testsuite> <!-- runFailedScenario.TestRunner -->
